<?xml version="1.0" encoding="UTF-8"?>
<!-- Generated by org.testng.reporters.JUnitXMLReporter -->
<testsuite hostname="W00PISVDI247" ignored="0" name="BillingCentreTest" tests="51" failures="4" timestamp="06 Nov 2018 13:20:47 GMT" time="505.161" errors="0">
  <testcase name="BillingCent" time="13.669" classname="Script.BillingCentre"/>
  <testcase name="BillingCent" time="12.145" classname="Script.BillingCentre"/>
  <testcase name="BillingCent" time="12.119" classname="Script.BillingCentre"/>
  <testcase name="BillingCent" time="12.675" classname="Script.BillingCentre"/>
  <testcase name="BillingCent" time="12.217" classname="Script.BillingCentre"/>
  <testcase name="BillingCent" time="12.192" classname="Script.BillingCentre"/>
  <testcase name="BillingCent" time="12.074" classname="Script.BillingCentre"/>
  <testcase name="BillingCent" time="12.075" classname="Script.BillingCentre"/>
  <testcase name="BillingCent" time="12.309" classname="Script.BillingCentre"/>
  <testcase name="BillingCent" time="12.228" classname="Script.BillingCentre"/>
  <testcase name="BillingCent" time="13.559" classname="Script.BillingCentre">
    <failure type="org.openqa.selenium.NoSuchElementException" message="no such element: Unable to locate element: {&amp;quot;method&amp;quot;:&amp;quot;xpath&amp;quot;,&amp;quot;selector&amp;quot;:&amp;quot;//a[@id=&amp;apos;Policies:PolicySearchScreen:PolicySearchResultsLV:0:PolicyNumber&amp;apos;]&amp;quot;}
  (Session info: chrome=69.0.3497.100)
  (Driver info: chromedriver=2.38.552522 (437e6fbedfa8762dec75e2c5b3ddb86763dc9dcb),platform=Windows NT 6.1.7601 SP1 x86_64) (WARNING: The server did not provide any stacktrace information)
Command duration or timeout: 5.06 seconds
For documentation on this error, please visit: http://seleniumhq.org/exceptions/no_such_element.html
Build info: version: &amp;apos;2.53.0&amp;apos;, revision: &amp;apos;35ae25b1534ae328c771e0856c93e187490ca824&amp;apos;, time: &amp;apos;2016-03-15 10:43:46&amp;apos;
System info: host: &amp;apos;W00PISVDI247&amp;apos;, ip: &amp;apos;10.60.202.198&amp;apos;, os.name: &amp;apos;Windows 7&amp;apos;, os.arch: &amp;apos;amd64&amp;apos;, os.version: &amp;apos;6.1&amp;apos;, java.version: &amp;apos;1.8.0_121&amp;apos;
Driver info: org.openqa.selenium.chrome.ChromeDriver
Capabilities [{applicationCacheEnabled=false, rotatable=false, mobileEmulationEnabled=false, networkConnectionEnabled=false, chrome={chromedriverVersion=2.38.552522 (437e6fbedfa8762dec75e2c5b3ddb86763dc9dcb), userDataDir=C:\Users\ljena\AppData\Local\Temp\scoped_dir14908_21720}, takesHeapSnapshot=true, pageLoadStrategy=normal, databaseEnabled=false, handlesAlerts=true, hasTouchScreen=false, version=69.0.3497.100, platform=XP, browserConnectionEnabled=false, nativeEvents=true, acceptSslCerts=false, acceptInsecureCerts=false, locationContextEnabled=true, webStorageEnabled=true, browserName=chrome, takesScreenshot=true, javascriptEnabled=true, cssSelectorsEnabled=true, setWindowRect=true, unexpectedAlertBehaviour=}]
Session ID: 52e5bf97cc423619d044ae3fbf93a5e0
*** Element info: {Using=xpath, value=//a[@id=&amp;apos;Policies:PolicySearchScreen:PolicySearchResultsLV:0:PolicyNumber&amp;apos;]}">
      <![CDATA[org.openqa.selenium.NoSuchElementException: no such element: Unable to locate element: {"method":"xpath","selector":"//a[@id='Policies:PolicySearchScreen:PolicySearchResultsLV:0:PolicyNumber']"}
  (Session info: chrome=69.0.3497.100)
  (Driver info: chromedriver=2.38.552522 (437e6fbedfa8762dec75e2c5b3ddb86763dc9dcb),platform=Windows NT 6.1.7601 SP1 x86_64) (WARNING: The server did not provide any stacktrace information)
Command duration or timeout: 5.06 seconds
For documentation on this error, please visit: http://seleniumhq.org/exceptions/no_such_element.html
Build info: version: '2.53.0', revision: '35ae25b1534ae328c771e0856c93e187490ca824', time: '2016-03-15 10:43:46'
System info: host: 'W00PISVDI247', ip: '10.60.202.198', os.name: 'Windows 7', os.arch: 'amd64', os.version: '6.1', java.version: '1.8.0_121'
Driver info: org.openqa.selenium.chrome.ChromeDriver
Capabilities [{applicationCacheEnabled=false, rotatable=false, mobileEmulationEnabled=false, networkConnectionEnabled=false, chrome={chromedriverVersion=2.38.552522 (437e6fbedfa8762dec75e2c5b3ddb86763dc9dcb), userDataDir=C:\Users\ljena\AppData\Local\Temp\scoped_dir14908_21720}, takesHeapSnapshot=true, pageLoadStrategy=normal, databaseEnabled=false, handlesAlerts=true, hasTouchScreen=false, version=69.0.3497.100, platform=XP, browserConnectionEnabled=false, nativeEvents=true, acceptSslCerts=false, acceptInsecureCerts=false, locationContextEnabled=true, webStorageEnabled=true, browserName=chrome, takesScreenshot=true, javascriptEnabled=true, cssSelectorsEnabled=true, setWindowRect=true, unexpectedAlertBehaviour=}]
Session ID: 52e5bf97cc423619d044ae3fbf93a5e0
*** Element info: {Using=xpath, value=//a[@id='Policies:PolicySearchScreen:PolicySearchResultsLV:0:PolicyNumber']}
	at org.openqa.selenium.remote.ErrorHandler.createThrowable(ErrorHandler.java:206)
	at org.openqa.selenium.remote.ErrorHandler.throwIfResponseFailed(ErrorHandler.java:158)
	at org.openqa.selenium.remote.RemoteWebDriver.execute(RemoteWebDriver.java:678)
	at org.openqa.selenium.remote.RemoteWebDriver.findElement(RemoteWebDriver.java:363)
	at org.openqa.selenium.remote.RemoteWebDriver.findElementByXPath(RemoteWebDriver.java:500)
	at org.openqa.selenium.By$ByXPath.findElement(By.java:361)
	at org.openqa.selenium.remote.RemoteWebDriver.findElement(RemoteWebDriver.java:355)
	at Script.BaseTest.getText(BaseTest.java:162)
	at Script.BillingCentre.BillingCent(BillingCentre.java:59)
... Removed 29 stack frames]]>
    </failure>
  </testcase> <!-- BillingCent -->
  <testcase name="BillingCent" time="4.078" classname="Script.BillingCentre"/>
  <testcase name="BillingCent" time="4.06" classname="Script.BillingCentre"/>
  <testcase name="BillingCent" time="4.002" classname="Script.BillingCentre"/>
  <testcase name="BillingCent" time="4.013" classname="Script.BillingCentre"/>
  <testcase name="BillingCent" time="4.054" classname="Script.BillingCentre"/>
  <testcase name="BillingCent" time="12.11" classname="Script.BillingCentre"/>
  <testcase name="BillingCent" time="12.136" classname="Script.BillingCentre"/>
  <testcase name="BillingCent" time="12.188" classname="Script.BillingCentre"/>
  <testcase name="BillingCent" time="11.946" classname="Script.BillingCentre"/>
  <testcase name="BillingCent" time="12.072" classname="Script.BillingCentre"/>
  <testcase name="BillingCent" time="13.51" classname="Script.BillingCentre">
    <failure type="org.openqa.selenium.NoSuchElementException" message="no such element: Unable to locate element: {&amp;quot;method&amp;quot;:&amp;quot;xpath&amp;quot;,&amp;quot;selector&amp;quot;:&amp;quot;//a[@id=&amp;apos;Policies:PolicySearchScreen:PolicySearchResultsLV:0:PolicyNumber&amp;apos;]&amp;quot;}
  (Session info: chrome=69.0.3497.100)
  (Driver info: chromedriver=2.38.552522 (437e6fbedfa8762dec75e2c5b3ddb86763dc9dcb),platform=Windows NT 6.1.7601 SP1 x86_64) (WARNING: The server did not provide any stacktrace information)
Command duration or timeout: 5.05 seconds
For documentation on this error, please visit: http://seleniumhq.org/exceptions/no_such_element.html
Build info: version: &amp;apos;2.53.0&amp;apos;, revision: &amp;apos;35ae25b1534ae328c771e0856c93e187490ca824&amp;apos;, time: &amp;apos;2016-03-15 10:43:46&amp;apos;
System info: host: &amp;apos;W00PISVDI247&amp;apos;, ip: &amp;apos;10.60.202.198&amp;apos;, os.name: &amp;apos;Windows 7&amp;apos;, os.arch: &amp;apos;amd64&amp;apos;, os.version: &amp;apos;6.1&amp;apos;, java.version: &amp;apos;1.8.0_121&amp;apos;
Driver info: org.openqa.selenium.chrome.ChromeDriver
Capabilities [{applicationCacheEnabled=false, rotatable=false, mobileEmulationEnabled=false, networkConnectionEnabled=false, chrome={chromedriverVersion=2.38.552522 (437e6fbedfa8762dec75e2c5b3ddb86763dc9dcb), userDataDir=C:\Users\ljena\AppData\Local\Temp\scoped_dir14908_21720}, takesHeapSnapshot=true, pageLoadStrategy=normal, databaseEnabled=false, handlesAlerts=true, hasTouchScreen=false, version=69.0.3497.100, platform=XP, browserConnectionEnabled=false, nativeEvents=true, acceptSslCerts=false, acceptInsecureCerts=false, locationContextEnabled=true, webStorageEnabled=true, browserName=chrome, takesScreenshot=true, javascriptEnabled=true, cssSelectorsEnabled=true, setWindowRect=true, unexpectedAlertBehaviour=}]
Session ID: 52e5bf97cc423619d044ae3fbf93a5e0
*** Element info: {Using=xpath, value=//a[@id=&amp;apos;Policies:PolicySearchScreen:PolicySearchResultsLV:0:PolicyNumber&amp;apos;]}">
      <![CDATA[org.openqa.selenium.NoSuchElementException: no such element: Unable to locate element: {"method":"xpath","selector":"//a[@id='Policies:PolicySearchScreen:PolicySearchResultsLV:0:PolicyNumber']"}
  (Session info: chrome=69.0.3497.100)
  (Driver info: chromedriver=2.38.552522 (437e6fbedfa8762dec75e2c5b3ddb86763dc9dcb),platform=Windows NT 6.1.7601 SP1 x86_64) (WARNING: The server did not provide any stacktrace information)
Command duration or timeout: 5.05 seconds
For documentation on this error, please visit: http://seleniumhq.org/exceptions/no_such_element.html
Build info: version: '2.53.0', revision: '35ae25b1534ae328c771e0856c93e187490ca824', time: '2016-03-15 10:43:46'
System info: host: 'W00PISVDI247', ip: '10.60.202.198', os.name: 'Windows 7', os.arch: 'amd64', os.version: '6.1', java.version: '1.8.0_121'
Driver info: org.openqa.selenium.chrome.ChromeDriver
Capabilities [{applicationCacheEnabled=false, rotatable=false, mobileEmulationEnabled=false, networkConnectionEnabled=false, chrome={chromedriverVersion=2.38.552522 (437e6fbedfa8762dec75e2c5b3ddb86763dc9dcb), userDataDir=C:\Users\ljena\AppData\Local\Temp\scoped_dir14908_21720}, takesHeapSnapshot=true, pageLoadStrategy=normal, databaseEnabled=false, handlesAlerts=true, hasTouchScreen=false, version=69.0.3497.100, platform=XP, browserConnectionEnabled=false, nativeEvents=true, acceptSslCerts=false, acceptInsecureCerts=false, locationContextEnabled=true, webStorageEnabled=true, browserName=chrome, takesScreenshot=true, javascriptEnabled=true, cssSelectorsEnabled=true, setWindowRect=true, unexpectedAlertBehaviour=}]
Session ID: 52e5bf97cc423619d044ae3fbf93a5e0
*** Element info: {Using=xpath, value=//a[@id='Policies:PolicySearchScreen:PolicySearchResultsLV:0:PolicyNumber']}
	at org.openqa.selenium.remote.ErrorHandler.createThrowable(ErrorHandler.java:206)
	at org.openqa.selenium.remote.ErrorHandler.throwIfResponseFailed(ErrorHandler.java:158)
	at org.openqa.selenium.remote.RemoteWebDriver.execute(RemoteWebDriver.java:678)
	at org.openqa.selenium.remote.RemoteWebDriver.findElement(RemoteWebDriver.java:363)
	at org.openqa.selenium.remote.RemoteWebDriver.findElementByXPath(RemoteWebDriver.java:500)
	at org.openqa.selenium.By$ByXPath.findElement(By.java:361)
	at org.openqa.selenium.remote.RemoteWebDriver.findElement(RemoteWebDriver.java:355)
	at Script.BaseTest.getText(BaseTest.java:162)
	at Script.BillingCentre.BillingCent(BillingCentre.java:59)
... Removed 27 stack frames]]>
    </failure>
  </testcase> <!-- BillingCent -->
  <testcase name="BillingCent" time="3.974" classname="Script.BillingCentre"/>
  <testcase name="BillingCent" time="3.989" classname="Script.BillingCentre"/>
  <testcase name="BillingCent" time="4.012" classname="Script.BillingCentre"/>
  <testcase name="BillingCent" time="3.949" classname="Script.BillingCentre"/>
  <testcase name="BillingCent" time="4.137" classname="Script.BillingCentre"/>
  <testcase name="BillingCent" time="4.08" classname="Script.BillingCentre"/>
  <testcase name="BillingCent" time="4.287" classname="Script.BillingCentre"/>
  <testcase name="BillingCent" time="3.957" classname="Script.BillingCentre"/>
  <testcase name="BillingCent" time="3.985" classname="Script.BillingCentre"/>
  <testcase name="BillingCent" time="3.961" classname="Script.BillingCentre"/>
  <testcase name="BillingCent" time="4.059" classname="Script.BillingCentre"/>
  <testcase name="BillingCent" time="4.402" classname="Script.BillingCentre"/>
  <testcase name="BillingCent" time="4.057" classname="Script.BillingCentre"/>
  <testcase name="BillingCent" time="4.056" classname="Script.BillingCentre"/>
  <testcase name="BillingCent" time="4.054" classname="Script.BillingCentre"/>
  <testcase name="BillingCent" time="13.363" classname="Script.BillingCentre">
    <failure type="org.openqa.selenium.NoSuchElementException" message="no such element: Unable to locate element: {&amp;quot;method&amp;quot;:&amp;quot;xpath&amp;quot;,&amp;quot;selector&amp;quot;:&amp;quot;//a[@id=&amp;apos;Policies:PolicySearchScreen:PolicySearchResultsLV:0:PolicyNumber&amp;apos;]&amp;quot;}
  (Session info: chrome=69.0.3497.100)
  (Driver info: chromedriver=2.38.552522 (437e6fbedfa8762dec75e2c5b3ddb86763dc9dcb),platform=Windows NT 6.1.7601 SP1 x86_64) (WARNING: The server did not provide any stacktrace information)
Command duration or timeout: 5.03 seconds
For documentation on this error, please visit: http://seleniumhq.org/exceptions/no_such_element.html
Build info: version: &amp;apos;2.53.0&amp;apos;, revision: &amp;apos;35ae25b1534ae328c771e0856c93e187490ca824&amp;apos;, time: &amp;apos;2016-03-15 10:43:46&amp;apos;
System info: host: &amp;apos;W00PISVDI247&amp;apos;, ip: &amp;apos;10.60.202.198&amp;apos;, os.name: &amp;apos;Windows 7&amp;apos;, os.arch: &amp;apos;amd64&amp;apos;, os.version: &amp;apos;6.1&amp;apos;, java.version: &amp;apos;1.8.0_121&amp;apos;
Driver info: org.openqa.selenium.chrome.ChromeDriver
Capabilities [{applicationCacheEnabled=false, rotatable=false, mobileEmulationEnabled=false, networkConnectionEnabled=false, chrome={chromedriverVersion=2.38.552522 (437e6fbedfa8762dec75e2c5b3ddb86763dc9dcb), userDataDir=C:\Users\ljena\AppData\Local\Temp\scoped_dir14908_21720}, takesHeapSnapshot=true, pageLoadStrategy=normal, databaseEnabled=false, handlesAlerts=true, hasTouchScreen=false, version=69.0.3497.100, platform=XP, browserConnectionEnabled=false, nativeEvents=true, acceptSslCerts=false, acceptInsecureCerts=false, locationContextEnabled=true, webStorageEnabled=true, browserName=chrome, takesScreenshot=true, javascriptEnabled=true, cssSelectorsEnabled=true, setWindowRect=true, unexpectedAlertBehaviour=}]
Session ID: 52e5bf97cc423619d044ae3fbf93a5e0
*** Element info: {Using=xpath, value=//a[@id=&amp;apos;Policies:PolicySearchScreen:PolicySearchResultsLV:0:PolicyNumber&amp;apos;]}">
      <![CDATA[org.openqa.selenium.NoSuchElementException: no such element: Unable to locate element: {"method":"xpath","selector":"//a[@id='Policies:PolicySearchScreen:PolicySearchResultsLV:0:PolicyNumber']"}
  (Session info: chrome=69.0.3497.100)
  (Driver info: chromedriver=2.38.552522 (437e6fbedfa8762dec75e2c5b3ddb86763dc9dcb),platform=Windows NT 6.1.7601 SP1 x86_64) (WARNING: The server did not provide any stacktrace information)
Command duration or timeout: 5.03 seconds
For documentation on this error, please visit: http://seleniumhq.org/exceptions/no_such_element.html
Build info: version: '2.53.0', revision: '35ae25b1534ae328c771e0856c93e187490ca824', time: '2016-03-15 10:43:46'
System info: host: 'W00PISVDI247', ip: '10.60.202.198', os.name: 'Windows 7', os.arch: 'amd64', os.version: '6.1', java.version: '1.8.0_121'
Driver info: org.openqa.selenium.chrome.ChromeDriver
Capabilities [{applicationCacheEnabled=false, rotatable=false, mobileEmulationEnabled=false, networkConnectionEnabled=false, chrome={chromedriverVersion=2.38.552522 (437e6fbedfa8762dec75e2c5b3ddb86763dc9dcb), userDataDir=C:\Users\ljena\AppData\Local\Temp\scoped_dir14908_21720}, takesHeapSnapshot=true, pageLoadStrategy=normal, databaseEnabled=false, handlesAlerts=true, hasTouchScreen=false, version=69.0.3497.100, platform=XP, browserConnectionEnabled=false, nativeEvents=true, acceptSslCerts=false, acceptInsecureCerts=false, locationContextEnabled=true, webStorageEnabled=true, browserName=chrome, takesScreenshot=true, javascriptEnabled=true, cssSelectorsEnabled=true, setWindowRect=true, unexpectedAlertBehaviour=}]
Session ID: 52e5bf97cc423619d044ae3fbf93a5e0
*** Element info: {Using=xpath, value=//a[@id='Policies:PolicySearchScreen:PolicySearchResultsLV:0:PolicyNumber']}
	at org.openqa.selenium.remote.ErrorHandler.createThrowable(ErrorHandler.java:206)
	at org.openqa.selenium.remote.ErrorHandler.throwIfResponseFailed(ErrorHandler.java:158)
	at org.openqa.selenium.remote.RemoteWebDriver.execute(RemoteWebDriver.java:678)
	at org.openqa.selenium.remote.RemoteWebDriver.findElement(RemoteWebDriver.java:363)
	at org.openqa.selenium.remote.RemoteWebDriver.findElementByXPath(RemoteWebDriver.java:500)
	at org.openqa.selenium.By$ByXPath.findElement(By.java:361)
	at org.openqa.selenium.remote.RemoteWebDriver.findElement(RemoteWebDriver.java:355)
	at Script.BaseTest.getText(BaseTest.java:162)
	at Script.BillingCentre.BillingCent(BillingCentre.java:59)
... Removed 27 stack frames]]>
    </failure>
  </testcase> <!-- BillingCent -->
  <testcase name="BillingCent" time="67.713" classname="Script.BillingCentre"/>
  <testcase name="BillingCent" time="4.311" classname="Script.BillingCentre"/>
  <testcase name="BillingCent" time="4.264" classname="Script.BillingCentre"/>
  <testcase name="BillingCent" time="12.284" classname="Script.BillingCentre"/>
  <testcase name="BillingCent" time="12.009" classname="Script.BillingCentre"/>
  <testcase name="BillingCent" time="11.989" classname="Script.BillingCentre"/>
  <testcase name="BillingCent" time="12.102" classname="Script.BillingCentre"/>
  <testcase name="BillingCent" time="12.045" classname="Script.BillingCentre"/>
  <testcase name="BillingCent" time="12.028" classname="Script.BillingCentre"/>
  <testcase name="BillingCent" time="11.956" classname="Script.BillingCentre"/>
  <testcase name="BillingCent" time="11.807" classname="Script.BillingCentre"/>
  <testcase name="BillingCent" time="12.043" classname="Script.BillingCentre"/>
  <testcase name="BillingCent" time="13.492" classname="Script.BillingCentre">
    <failure type="org.openqa.selenium.NoSuchElementException" message="no such element: Unable to locate element: {&amp;quot;method&amp;quot;:&amp;quot;xpath&amp;quot;,&amp;quot;selector&amp;quot;:&amp;quot;//a[@id=&amp;apos;Policies:PolicySearchScreen:PolicySearchResultsLV:0:PolicyNumber&amp;apos;]&amp;quot;}
  (Session info: chrome=69.0.3497.100)
  (Driver info: chromedriver=2.38.552522 (437e6fbedfa8762dec75e2c5b3ddb86763dc9dcb),platform=Windows NT 6.1.7601 SP1 x86_64) (WARNING: The server did not provide any stacktrace information)
Command duration or timeout: 5.02 seconds
For documentation on this error, please visit: http://seleniumhq.org/exceptions/no_such_element.html
Build info: version: &amp;apos;2.53.0&amp;apos;, revision: &amp;apos;35ae25b1534ae328c771e0856c93e187490ca824&amp;apos;, time: &amp;apos;2016-03-15 10:43:46&amp;apos;
System info: host: &amp;apos;W00PISVDI247&amp;apos;, ip: &amp;apos;10.60.202.198&amp;apos;, os.name: &amp;apos;Windows 7&amp;apos;, os.arch: &amp;apos;amd64&amp;apos;, os.version: &amp;apos;6.1&amp;apos;, java.version: &amp;apos;1.8.0_121&amp;apos;
Driver info: org.openqa.selenium.chrome.ChromeDriver
Capabilities [{applicationCacheEnabled=false, rotatable=false, mobileEmulationEnabled=false, networkConnectionEnabled=false, chrome={chromedriverVersion=2.38.552522 (437e6fbedfa8762dec75e2c5b3ddb86763dc9dcb), userDataDir=C:\Users\ljena\AppData\Local\Temp\scoped_dir14908_21720}, takesHeapSnapshot=true, pageLoadStrategy=normal, databaseEnabled=false, handlesAlerts=true, hasTouchScreen=false, version=69.0.3497.100, platform=XP, browserConnectionEnabled=false, nativeEvents=true, acceptSslCerts=false, acceptInsecureCerts=false, locationContextEnabled=true, webStorageEnabled=true, browserName=chrome, takesScreenshot=true, javascriptEnabled=true, cssSelectorsEnabled=true, setWindowRect=true, unexpectedAlertBehaviour=}]
Session ID: 52e5bf97cc423619d044ae3fbf93a5e0
*** Element info: {Using=xpath, value=//a[@id=&amp;apos;Policies:PolicySearchScreen:PolicySearchResultsLV:0:PolicyNumber&amp;apos;]}">
      <![CDATA[org.openqa.selenium.NoSuchElementException: no such element: Unable to locate element: {"method":"xpath","selector":"//a[@id='Policies:PolicySearchScreen:PolicySearchResultsLV:0:PolicyNumber']"}
  (Session info: chrome=69.0.3497.100)
  (Driver info: chromedriver=2.38.552522 (437e6fbedfa8762dec75e2c5b3ddb86763dc9dcb),platform=Windows NT 6.1.7601 SP1 x86_64) (WARNING: The server did not provide any stacktrace information)
Command duration or timeout: 5.02 seconds
For documentation on this error, please visit: http://seleniumhq.org/exceptions/no_such_element.html
Build info: version: '2.53.0', revision: '35ae25b1534ae328c771e0856c93e187490ca824', time: '2016-03-15 10:43:46'
System info: host: 'W00PISVDI247', ip: '10.60.202.198', os.name: 'Windows 7', os.arch: 'amd64', os.version: '6.1', java.version: '1.8.0_121'
Driver info: org.openqa.selenium.chrome.ChromeDriver
Capabilities [{applicationCacheEnabled=false, rotatable=false, mobileEmulationEnabled=false, networkConnectionEnabled=false, chrome={chromedriverVersion=2.38.552522 (437e6fbedfa8762dec75e2c5b3ddb86763dc9dcb), userDataDir=C:\Users\ljena\AppData\Local\Temp\scoped_dir14908_21720}, takesHeapSnapshot=true, pageLoadStrategy=normal, databaseEnabled=false, handlesAlerts=true, hasTouchScreen=false, version=69.0.3497.100, platform=XP, browserConnectionEnabled=false, nativeEvents=true, acceptSslCerts=false, acceptInsecureCerts=false, locationContextEnabled=true, webStorageEnabled=true, browserName=chrome, takesScreenshot=true, javascriptEnabled=true, cssSelectorsEnabled=true, setWindowRect=true, unexpectedAlertBehaviour=}]
Session ID: 52e5bf97cc423619d044ae3fbf93a5e0
*** Element info: {Using=xpath, value=//a[@id='Policies:PolicySearchScreen:PolicySearchResultsLV:0:PolicyNumber']}
	at org.openqa.selenium.remote.ErrorHandler.createThrowable(ErrorHandler.java:206)
	at org.openqa.selenium.remote.ErrorHandler.throwIfResponseFailed(ErrorHandler.java:158)
	at org.openqa.selenium.remote.RemoteWebDriver.execute(RemoteWebDriver.java:678)
	at org.openqa.selenium.remote.RemoteWebDriver.findElement(RemoteWebDriver.java:363)
	at org.openqa.selenium.remote.RemoteWebDriver.findElementByXPath(RemoteWebDriver.java:500)
	at org.openqa.selenium.By$ByXPath.findElement(By.java:361)
	at org.openqa.selenium.remote.RemoteWebDriver.findElement(RemoteWebDriver.java:355)
	at Script.BaseTest.getText(BaseTest.java:162)
	at Script.BillingCentre.BillingCent(BillingCentre.java:59)
... Removed 27 stack frames]]>
    </failure>
  </testcase> <!-- BillingCent -->
</testsuite> <!-- BillingCentreTest -->
